TN:
SF:D:\Workarea\iota.eco\iota-pico\pow-box\src\index.ts
FNF:0
FNH:0
LF:0
LH:0
BRF:0
BRH:0
end_of_record
TN:
SF:D:\Workarea\iota.eco\iota-pico\pow-box\src\proofOfWorkBox.ts
FN:31,(anonymous_0)
FN:51,(anonymous_1)
FN:63,(anonymous_2)
FN:82,(anonymous_3)
FN:97,(anonymous_4)
FN:98,(anonymous_5)
FN:100,(anonymous_6)
FN:109,(anonymous_7)
FNF:8
FNH:8
FNDA:14,(anonymous_0)
FNDA:2,(anonymous_1)
FNDA:9,(anonymous_2)
FNDA:6,(anonymous_3)
FNDA:4,(anonymous_4)
FNDA:4,(anonymous_5)
FNDA:5,(anonymous_6)
FNDA:2,(anonymous_7)
DA:1,1
DA:2,1
DA:3,1
DA:4,1
DA:6,1
DA:8,1
DA:9,1
DA:17,1
DA:33,1
DA:36,1
DA:39,1
DA:41,11
DA:42,11
DA:43,11
DA:52,2
DA:65,1
DA:68,1
DA:71,1
DA:74,1
DA:82,6
DA:85,5
DA:87,5
DA:90,1
DA:93,4
DA:98,4
DA:99,4
DA:102,5
DA:104,1
DA:105,1
DA:107,2
DA:109,2
DA:111,1
DA:115,1
DA:116,1
LF:34
LH:34
BRDA:31,0,0,12
BRDA:38,1,0,12
BRDA:38,1,1,12
BRDA:73,2,0,6
BRDA:73,2,1,5
BRDA:89,3,0,5
BRDA:89,3,1,4
BRDA:108,4,0,2
BRDA:108,4,1,2
BRDA:108,4,2,1
BRDA:108,4,3,1
BRF:11
BRH:11
end_of_record
TN:
SF:D:\Workarea\iota.eco\iota-pico\pow-box\src\models\IAttachToTangleRequest.ts
FNF:0
FNH:0
LF:0
LH:0
BRF:0
BRH:0
end_of_record
TN:
SF:D:\Workarea\iota.eco\iota-pico\pow-box\src\models\IAttachToTangleResponse.ts
FNF:0
FNH:0
LF:0
LH:0
BRF:0
BRH:0
end_of_record
TN:
SF:D:\Workarea\iota.eco\iota-pico\pow-box\src\models\IJobResponse.ts
FNF:0
FNH:0
LF:0
LH:0
BRF:0
BRH:0
end_of_record
