TN:
SF:D:\Workarea\iota.eco\iota-pico\pow-box\src\index.ts
FNF:0
FNH:0
LF:0
LH:0
BRF:0
BRH:0
end_of_record
TN:
SF:D:\Workarea\iota.eco\iota-pico\pow-box\src\proofOfWorkBox.ts
FN:31,(anonymous_0)
FN:51,(anonymous_1)
FN:63,(anonymous_2)
FN:82,(anonymous_3)
FN:97,(anonymous_4)
FN:98,(anonymous_5)
FN:99,(anonymous_6)
FN:108,(anonymous_7)
FNF:8
FNH:8
FNDA:14,(anonymous_0)
FNDA:2,(anonymous_1)
FNDA:9,(anonymous_2)
FNDA:6,(anonymous_3)
FNDA:4,(anonymous_4)
FNDA:4,(anonymous_5)
FNDA:5,(anonymous_6)
FNDA:2,(anonymous_7)
DA:1,1
DA:2,1
DA:3,1
DA:4,1
DA:6,1
DA:8,1
DA:9,1
DA:17,1
DA:32,14
DA:33,1
DA:35,13
DA:36,1
DA:38,12
DA:39,1
DA:41,11
DA:42,11
DA:43,11
DA:52,2
DA:64,9
DA:65,1
DA:67,8
DA:68,1
DA:70,7
DA:71,1
DA:73,6
DA:74,1
DA:77,5
DA:82,6
DA:85,5
DA:87,5
DA:89,5
DA:90,1
DA:92,4
DA:98,4
DA:99,4
DA:100,5
DA:101,5
DA:102,4
DA:103,1
DA:104,1
DA:105,3
DA:106,2
DA:107,2
DA:108,2
DA:110,1
DA:114,1
DA:115,1
LF:47
LH:47
BRDA:31,0,0,12
BRDA:32,1,0,1
BRDA:32,1,1,13
BRDA:35,2,0,1
BRDA:35,2,1,12
BRDA:38,3,0,1
BRDA:38,3,1,11
BRDA:38,4,0,12
BRDA:38,4,1,12
BRDA:64,5,0,1
BRDA:64,5,1,8
BRDA:67,6,0,1
BRDA:67,6,1,7
BRDA:70,7,0,1
BRDA:70,7,1,6
BRDA:73,8,0,1
BRDA:73,8,1,5
BRDA:73,9,0,6
BRDA:73,9,1,5
BRDA:89,10,0,1
BRDA:89,10,1,4
BRDA:89,11,0,5
BRDA:89,11,1,4
BRDA:102,12,0,1
BRDA:102,12,1,3
BRDA:105,13,0,2
BRDA:105,13,1,1
BRDA:107,14,0,1
BRDA:107,14,1,1
BRDA:107,15,0,2
BRDA:107,15,1,2
BRDA:107,15,2,1
BRDA:107,15,3,1
BRF:33
BRH:33
end_of_record
TN:
SF:D:\Workarea\iota.eco\iota-pico\pow-box\src\models\IAttachToTangleRequest.ts
FNF:0
FNH:0
LF:0
LH:0
BRF:0
BRH:0
end_of_record
TN:
SF:D:\Workarea\iota.eco\iota-pico\pow-box\src\models\IAttachToTangleResponse.ts
FNF:0
FNH:0
LF:0
LH:0
BRF:0
BRH:0
end_of_record
TN:
SF:D:\Workarea\iota.eco\iota-pico\pow-box\src\models\IJobResponse.ts
FNF:0
FNH:0
LF:0
LH:0
BRF:0
BRH:0
end_of_record
